2025-11-30T00:28:37.243+05:30  INFO 12968 --- [main] c.salaryapp.SalaryManagementApplication  : Starting SalaryManagementApplication v0.0.1-SNAPSHOT using Java 17.0.17 with PID 12968 (C:\Users\LENOVO\OneDrive\Documents\Salary Slip\dist\app.jar started by LENOVO in C:\Users\LENOVO\OneDrive\Documents\Salary Slip)
2025-11-30T00:28:37.308+05:30  INFO 12968 --- [main] c.salaryapp.SalaryManagementApplication  : No active profile set, falling back to 1 default profile: "default"
2025-11-30T00:28:42.946+05:30  INFO 12968 --- [main] .s.d.r.c.RepositoryConfigurationDelegate : Bootstrapping Spring Data JPA repositories in DEFAULT mode.
2025-11-30T00:28:43.216+05:30  INFO 12968 --- [main] .s.d.r.c.RepositoryConfigurationDelegate : Finished Spring Data repository scanning in 242 ms. Found 3 JPA repository interfaces.
2025-11-30T00:28:48.011+05:30  INFO 12968 --- [main] o.s.b.w.embedded.tomcat.TomcatWebServer  : Tomcat initialized with port 8081 (http)
2025-11-30T00:28:48.052+05:30  INFO 12968 --- [main] o.apache.catalina.core.StandardService   : Starting service [Tomcat]
2025-11-30T00:28:48.054+05:30  INFO 12968 --- [main] o.apache.catalina.core.StandardEngine    : Starting Servlet engine: [Apache Tomcat/10.1.16]
2025-11-30T00:28:48.222+05:30  INFO 12968 --- [main] o.a.c.c.C.[Tomcat].[localhost].[/]       : Initializing Spring embedded WebApplicationContext
2025-11-30T00:28:48.252+05:30  INFO 12968 --- [main] w.s.c.ServletWebServerApplicationContext : Root WebApplicationContext: initialization completed in 10521 ms
2025-11-30T00:28:49.041+05:30  INFO 12968 --- [main] com.zaxxer.hikari.HikariDataSource       : HikariPool-1 - Starting...
2025-11-30T00:28:57.186+05:30  INFO 12968 --- [main] com.zaxxer.hikari.pool.HikariPool        : HikariPool-1 - Added connection conn1: url=jdbc:h2:file:./data/salarydb user=SA
2025-11-30T00:28:57.363+05:30  INFO 12968 --- [main] com.zaxxer.hikari.HikariDataSource       : HikariPool-1 - Start completed.
2025-11-30T00:28:57.572+05:30  INFO 12968 --- [main] o.s.b.a.h2.H2ConsoleAutoConfiguration    : H2 console available at '/h2-console'. Database available at 'jdbc:h2:file:./data/salarydb'
2025-11-30T00:28:58.991+05:30 DEBUG 12968 --- [main] o.s.w.f.ServerHttpObservationFilter      : Filter 'webMvcObservationFilter' configured for use
2025-11-30T00:29:00.477+05:30  INFO 12968 --- [main] o.hibernate.jpa.internal.util.LogHelper  : HHH000204: Processing PersistenceUnitInfo [name: default]
2025-11-30T00:29:00.752+05:30  INFO 12968 --- [main] org.hibernate.Version                    : HHH000412: Hibernate ORM core version 6.3.1.Final
2025-11-30T00:29:00.887+05:30  INFO 12968 --- [main] o.h.c.internal.RegionFactoryInitiator    : HHH000026: Second-level cache disabled
2025-11-30T00:29:01.689+05:30  INFO 12968 --- [main] o.s.o.j.p.SpringPersistenceUnitInfo      : No LoadTimeWeaver setup: ignoring JPA class transformer
2025-11-30T00:29:01.936+05:30  WARN 12968 --- [main] org.hibernate.orm.deprecation            : HHH90000025: H2Dialect does not need to be specified explicitly using 'hibernate.dialect' (remove the property setting and it will be selected by default)
2025-11-30T00:29:06.673+05:30  INFO 12968 --- [main] o.h.e.t.j.p.i.JtaPlatformInitiator       : HHH000489: No JTA platform available (set 'hibernate.transaction.jta.platform' to enable JTA platform integration)
2025-11-30T00:29:06.799+05:30 DEBUG 12968 --- [main] org.hibernate.SQL                        : 
    alter table if exists employees 
       drop constraint if exists uk_employee_month_id
2025-11-30T00:29:06.804+05:30 DEBUG 12968 --- [main] org.hibernate.SQL                        : 
    alter table if exists employees 
       add constraint uk_employee_month_id unique (employee_id, salary_month)
2025-11-30T00:29:06.820+05:30  INFO 12968 --- [main] j.LocalContainerEntityManagerFactoryBean : Initialized JPA EntityManagerFactory for persistence unit 'default'
2025-11-30T00:29:09.390+05:30 DEBUG 12968 --- [main] org.hibernate.SQL                        : 
    select
        e1_0.id,
        e1_0.advance,
        e1_0.area_allowance,
        e1_0.arrears,
        e1_0.attendance_allowance,
        e1_0.basic_salary,
        e1_0.bonus,
        e1_0.conveyance_allowance,
        e1_0.days,
        e1_0.dearness_allowance,
        e1_0.department,
        e1_0.designation,
        e1_0.dresscode,
        e1_0.employee_id,
        e1_0.experience,
        e1_0.gross_salary,
        e1_0.hra,
        e1_0.income_tax,
        e1_0.leads,
        e1_0.loan_deduction,
        e1_0.name,
        e1_0.net_salary,
        e1_0.os,
        e1_0.other_allowance,
        e1_0.other_deduction,
        e1_0.per_call,
        e1_0.performance_incentive,
        e1_0.professional_tax,
        e1_0.provident_fund,
        e1_0.review,
        e1_0.roadshow,
        e1_0.role,
        e1_0.salary_date,
        e1_0.salary_month,
        e1_0.sales_debits,
        e1_0.special_allowance,
        e1_0.status,
        e1_0.total_deduction,
        e1_0.under_performance 
    from
        employees e1_0
2025-11-30T00:29:09.745+05:30 DEBUG 12968 --- [main] org.hibernate.SQL                        : 
    select
        e1_0.id,
        e1_0.advance,
        e1_0.area_allowance,
        e1_0.arrears,
        e1_0.attendance_allowance,
        e1_0.basic_salary,
        e1_0.bonus,
        e1_0.conveyance_allowance,
        e1_0.days,
        e1_0.dearness_allowance,
        e1_0.department,
        e1_0.designation,
        e1_0.dresscode,
        e1_0.employee_id,
        e1_0.experience,
        e1_0.gross_salary,
        e1_0.hra,
        e1_0.income_tax,
        e1_0.leads,
        e1_0.loan_deduction,
        e1_0.name,
        e1_0.net_salary,
        e1_0.os,
        e1_0.other_allowance,
        e1_0.other_deduction,
        e1_0.per_call,
        e1_0.performance_incentive,
        e1_0.professional_tax,
        e1_0.provident_fund,
        e1_0.review,
        e1_0.roadshow,
        e1_0.role,
        e1_0.salary_date,
        e1_0.salary_month,
        e1_0.sales_debits,
        e1_0.special_allowance,
        e1_0.status,
        e1_0.total_deduction,
        e1_0.under_performance 
    from
        employees e1_0 
    where
        e1_0.id=?
2025-11-30T00:29:09.820+05:30 DEBUG 12968 --- [main] org.hibernate.SQL                        : 
    select
        e1_0.id,
        e1_0.advance,
        e1_0.area_allowance,
        e1_0.arrears,
        e1_0.attendance_allowance,
        e1_0.basic_salary,
        e1_0.bonus,
        e1_0.conveyance_allowance,
        e1_0.days,
        e1_0.dearness_allowance,
        e1_0.department,
        e1_0.designation,
        e1_0.dresscode,
        e1_0.employee_id,
        e1_0.experience,
        e1_0.gross_salary,
        e1_0.hra,
        e1_0.income_tax,
        e1_0.leads,
        e1_0.loan_deduction,
        e1_0.name,
        e1_0.net_salary,
        e1_0.os,
        e1_0.other_allowance,
        e1_0.other_deduction,
        e1_0.per_call,
        e1_0.performance_incentive,
        e1_0.professional_tax,
        e1_0.provident_fund,
        e1_0.review,
        e1_0.roadshow,
        e1_0.role,
        e1_0.salary_date,
        e1_0.salary_month,
        e1_0.sales_debits,
        e1_0.special_allowance,
        e1_0.status,
        e1_0.total_deduction,
        e1_0.under_performance 
    from
        employees e1_0 
    where
        e1_0.id=?
2025-11-30T00:29:09.893+05:30 DEBUG 12968 --- [main] org.hibernate.SQL                        : 
    select
        e1_0.id,
        e1_0.advance,
        e1_0.area_allowance,
        e1_0.arrears,
        e1_0.attendance_allowance,
        e1_0.basic_salary,
        e1_0.bonus,
        e1_0.conveyance_allowance,
        e1_0.days,
        e1_0.dearness_allowance,
        e1_0.department,
        e1_0.designation,
        e1_0.dresscode,
        e1_0.employee_id,
        e1_0.experience,
        e1_0.gross_salary,
        e1_0.hra,
        e1_0.income_tax,
        e1_0.leads,
        e1_0.loan_deduction,
        e1_0.name,
        e1_0.net_salary,
        e1_0.os,
        e1_0.other_allowance,
        e1_0.other_deduction,
        e1_0.per_call,
        e1_0.performance_incentive,
        e1_0.professional_tax,
        e1_0.provident_fund,
        e1_0.review,
        e1_0.roadshow,
        e1_0.role,
        e1_0.salary_date,
        e1_0.salary_month,
        e1_0.sales_debits,
        e1_0.special_allowance,
        e1_0.status,
        e1_0.total_deduction,
        e1_0.under_performance 
    from
        employees e1_0 
    where
        e1_0.id=?
2025-11-30T00:29:09.974+05:30 DEBUG 12968 --- [main] org.hibernate.SQL                        : 
    select
        e1_0.id,
        e1_0.advance,
        e1_0.area_allowance,
        e1_0.arrears,
        e1_0.attendance_allowance,
        e1_0.basic_salary,
        e1_0.bonus,
        e1_0.conveyance_allowance,
        e1_0.days,
        e1_0.dearness_allowance,
        e1_0.department,
        e1_0.designation,
        e1_0.dresscode,
        e1_0.employee_id,
        e1_0.experience,
        e1_0.gross_salary,
        e1_0.hra,
        e1_0.income_tax,
        e1_0.leads,
        e1_0.loan_deduction,
        e1_0.name,
        e1_0.net_salary,
        e1_0.os,
        e1_0.other_allowance,
        e1_0.other_deduction,
        e1_0.per_call,
        e1_0.performance_incentive,
        e1_0.professional_tax,
        e1_0.provident_fund,
        e1_0.review,
        e1_0.roadshow,
        e1_0.role,
        e1_0.salary_date,
        e1_0.salary_month,
        e1_0.sales_debits,
        e1_0.special_allowance,
        e1_0.status,
        e1_0.total_deduction,
        e1_0.under_performance 
    from
        employees e1_0 
    where
        e1_0.id=?
2025-11-30T00:29:10.033+05:30 DEBUG 12968 --- [main] org.hibernate.SQL                        : 
    select
        e1_0.id,
        e1_0.advance,
        e1_0.area_allowance,
        e1_0.arrears,
        e1_0.attendance_allowance,
        e1_0.basic_salary,
        e1_0.bonus,
        e1_0.conveyance_allowance,
        e1_0.days,
        e1_0.dearness_allowance,
        e1_0.department,
        e1_0.designation,
        e1_0.dresscode,
        e1_0.employee_id,
        e1_0.experience,
        e1_0.gross_salary,
        e1_0.hra,
        e1_0.income_tax,
        e1_0.leads,
        e1_0.loan_deduction,
        e1_0.name,
        e1_0.net_salary,
        e1_0.os,
        e1_0.other_allowance,
        e1_0.other_deduction,
        e1_0.per_call,
        e1_0.performance_incentive,
        e1_0.professional_tax,
        e1_0.provident_fund,
        e1_0.review,
        e1_0.roadshow,
        e1_0.role,
        e1_0.salary_date,
        e1_0.salary_month,
        e1_0.sales_debits,
        e1_0.special_allowance,
        e1_0.status,
        e1_0.total_deduction,
        e1_0.under_performance 
    from
        employees e1_0 
    where
        e1_0.id=?
2025-11-30T00:29:10.141+05:30 DEBUG 12968 --- [main] org.hibernate.SQL                        : 
    select
        e1_0.id,
        e1_0.advance,
        e1_0.area_allowance,
        e1_0.arrears,
        e1_0.attendance_allowance,
        e1_0.basic_salary,
        e1_0.bonus,
        e1_0.conveyance_allowance,
        e1_0.days,
        e1_0.dearness_allowance,
        e1_0.department,
        e1_0.designation,
        e1_0.dresscode,
        e1_0.employee_id,
        e1_0.experience,
        e1_0.gross_salary,
        e1_0.hra,
        e1_0.income_tax,
        e1_0.leads,
        e1_0.loan_deduction,
        e1_0.name,
        e1_0.net_salary,
        e1_0.os,
        e1_0.other_allowance,
        e1_0.other_deduction,
        e1_0.per_call,
        e1_0.performance_incentive,
        e1_0.professional_tax,
        e1_0.provident_fund,
        e1_0.review,
        e1_0.roadshow,
        e1_0.role,
        e1_0.salary_date,
        e1_0.salary_month,
        e1_0.sales_debits,
        e1_0.special_allowance,
        e1_0.status,
        e1_0.total_deduction,
        e1_0.under_performance 
    from
        employees e1_0 
    where
        e1_0.id=?
2025-11-30T00:29:10.175+05:30 DEBUG 12968 --- [main] org.hibernate.SQL                        : 
    select
        e1_0.id,
        e1_0.advance,
        e1_0.area_allowance,
        e1_0.arrears,
        e1_0.attendance_allowance,
        e1_0.basic_salary,
        e1_0.bonus,
        e1_0.conveyance_allowance,
        e1_0.days,
        e1_0.dearness_allowance,
        e1_0.department,
        e1_0.designation,
        e1_0.dresscode,
        e1_0.employee_id,
        e1_0.experience,
        e1_0.gross_salary,
        e1_0.hra,
        e1_0.income_tax,
        e1_0.leads,
        e1_0.loan_deduction,
        e1_0.name,
        e1_0.net_salary,
        e1_0.os,
        e1_0.other_allowance,
        e1_0.other_deduction,
        e1_0.per_call,
        e1_0.performance_incentive,
        e1_0.professional_tax,
        e1_0.provident_fund,
        e1_0.review,
        e1_0.roadshow,
        e1_0.role,
        e1_0.salary_date,
        e1_0.salary_month,
        e1_0.sales_debits,
        e1_0.special_allowance,
        e1_0.status,
        e1_0.total_deduction,
        e1_0.under_performance 
    from
        employees e1_0 
    where
        e1_0.id=?
2025-11-30T00:29:10.192+05:30 DEBUG 12968 --- [main] org.hibernate.SQL                        : 
    select
        e1_0.id,
        e1_0.advance,
        e1_0.area_allowance,
        e1_0.arrears,
        e1_0.attendance_allowance,
        e1_0.basic_salary,
        e1_0.bonus,
        e1_0.conveyance_allowance,
        e1_0.days,
        e1_0.dearness_allowance,
        e1_0.department,
        e1_0.designation,
        e1_0.dresscode,
        e1_0.employee_id,
        e1_0.experience,
        e1_0.gross_salary,
        e1_0.hra,
        e1_0.income_tax,
        e1_0.leads,
        e1_0.loan_deduction,
        e1_0.name,
        e1_0.net_salary,
        e1_0.os,
        e1_0.other_allowance,
        e1_0.other_deduction,
        e1_0.per_call,
        e1_0.performance_incentive,
        e1_0.professional_tax,
        e1_0.provident_fund,
        e1_0.review,
        e1_0.roadshow,
        e1_0.role,
        e1_0.salary_date,
        e1_0.salary_month,
        e1_0.sales_debits,
        e1_0.special_allowance,
        e1_0.status,
        e1_0.total_deduction,
        e1_0.under_performance 
    from
        employees e1_0 
    where
        e1_0.id=?
2025-11-30T00:29:10.224+05:30 DEBUG 12968 --- [main] org.hibernate.SQL                        : 
    select
        e1_0.id,
        e1_0.advance,
        e1_0.area_allowance,
        e1_0.arrears,
        e1_0.attendance_allowance,
        e1_0.basic_salary,
        e1_0.bonus,
        e1_0.conveyance_allowance,
        e1_0.days,
        e1_0.dearness_allowance,
        e1_0.department,
        e1_0.designation,
        e1_0.dresscode,
        e1_0.employee_id,
        e1_0.experience,
        e1_0.gross_salary,
        e1_0.hra,
        e1_0.income_tax,
        e1_0.leads,
        e1_0.loan_deduction,
        e1_0.name,
        e1_0.net_salary,
        e1_0.os,
        e1_0.other_allowance,
        e1_0.other_deduction,
        e1_0.per_call,
        e1_0.performance_incentive,
        e1_0.professional_tax,
        e1_0.provident_fund,
        e1_0.review,
        e1_0.roadshow,
        e1_0.role,
        e1_0.salary_date,
        e1_0.salary_month,
        e1_0.sales_debits,
        e1_0.special_allowance,
        e1_0.status,
        e1_0.total_deduction,
        e1_0.under_performance 
    from
        employees e1_0 
    where
        e1_0.id=?
2025-11-30T00:29:10.245+05:30 DEBUG 12968 --- [main] org.hibernate.SQL                        : 
    select
        e1_0.id,
        e1_0.advance,
        e1_0.area_allowance,
        e1_0.arrears,
        e1_0.attendance_allowance,
        e1_0.basic_salary,
        e1_0.bonus,
        e1_0.conveyance_allowance,
        e1_0.days,
        e1_0.dearness_allowance,
        e1_0.department,
        e1_0.designation,
        e1_0.dresscode,
        e1_0.employee_id,
        e1_0.experience,
        e1_0.gross_salary,
        e1_0.hra,
        e1_0.income_tax,
        e1_0.leads,
        e1_0.loan_deduction,
        e1_0.name,
        e1_0.net_salary,
        e1_0.os,
        e1_0.other_allowance,
        e1_0.other_deduction,
        e1_0.per_call,
        e1_0.performance_incentive,
        e1_0.professional_tax,
        e1_0.provident_fund,
        e1_0.review,
        e1_0.roadshow,
        e1_0.role,
        e1_0.salary_date,
        e1_0.salary_month,
        e1_0.sales_debits,
        e1_0.special_allowance,
        e1_0.status,
        e1_0.total_deduction,
        e1_0.under_performance 
    from
        employees e1_0 
    where
        e1_0.id=?
2025-11-30T00:29:10.268+05:30 DEBUG 12968 --- [main] org.hibernate.SQL                        : 
    select
        e1_0.id,
        e1_0.advance,
        e1_0.area_allowance,
        e1_0.arrears,
        e1_0.attendance_allowance,
        e1_0.basic_salary,
        e1_0.bonus,
        e1_0.conveyance_allowance,
        e1_0.days,
        e1_0.dearness_allowance,
        e1_0.department,
        e1_0.designation,
        e1_0.dresscode,
        e1_0.employee_id,
        e1_0.experience,
        e1_0.gross_salary,
        e1_0.hra,
        e1_0.income_tax,
        e1_0.leads,
        e1_0.loan_deduction,
        e1_0.name,
        e1_0.net_salary,
        e1_0.os,
        e1_0.other_allowance,
        e1_0.other_deduction,
        e1_0.per_call,
        e1_0.performance_incentive,
        e1_0.professional_tax,
        e1_0.provident_fund,
        e1_0.review,
        e1_0.roadshow,
        e1_0.role,
        e1_0.salary_date,
        e1_0.salary_month,
        e1_0.sales_debits,
        e1_0.special_allowance,
        e1_0.status,
        e1_0.total_deduction,
        e1_0.under_performance 
    from
        employees e1_0 
    where
        e1_0.id=?
2025-11-30T00:29:10.278+05:30 DEBUG 12968 --- [main] org.hibernate.SQL                        : 
    select
        e1_0.id,
        e1_0.advance,
        e1_0.area_allowance,
        e1_0.arrears,
        e1_0.attendance_allowance,
        e1_0.basic_salary,
        e1_0.bonus,
        e1_0.conveyance_allowance,
        e1_0.days,
        e1_0.dearness_allowance,
        e1_0.department,
        e1_0.designation,
        e1_0.dresscode,
        e1_0.employee_id,
        e1_0.experience,
        e1_0.gross_salary,
        e1_0.hra,
        e1_0.income_tax,
        e1_0.leads,
        e1_0.loan_deduction,
        e1_0.name,
        e1_0.net_salary,
        e1_0.os,
        e1_0.other_allowance,
        e1_0.other_deduction,
        e1_0.per_call,
        e1_0.performance_incentive,
        e1_0.professional_tax,
        e1_0.provident_fund,
        e1_0.review,
        e1_0.roadshow,
        e1_0.role,
        e1_0.salary_date,
        e1_0.salary_month,
        e1_0.sales_debits,
        e1_0.special_allowance,
        e1_0.status,
        e1_0.total_deduction,
        e1_0.under_performance 
    from
        employees e1_0 
    where
        e1_0.id=?
2025-11-30T00:29:10.301+05:30 DEBUG 12968 --- [main] org.hibernate.SQL                        : 
    select
        e1_0.id,
        e1_0.advance,
        e1_0.area_allowance,
        e1_0.arrears,
        e1_0.attendance_allowance,
        e1_0.basic_salary,
        e1_0.bonus,
        e1_0.conveyance_allowance,
        e1_0.days,
        e1_0.dearness_allowance,
        e1_0.department,
        e1_0.designation,
        e1_0.dresscode,
        e1_0.employee_id,
        e1_0.experience,
        e1_0.gross_salary,
        e1_0.hra,
        e1_0.income_tax,
        e1_0.leads,
        e1_0.loan_deduction,
        e1_0.name,
        e1_0.net_salary,
        e1_0.os,
        e1_0.other_allowance,
        e1_0.other_deduction,
        e1_0.per_call,
        e1_0.performance_incentive,
        e1_0.professional_tax,
        e1_0.provident_fund,
        e1_0.review,
        e1_0.roadshow,
        e1_0.role,
        e1_0.salary_date,
        e1_0.salary_month,
        e1_0.sales_debits,
        e1_0.special_allowance,
        e1_0.status,
        e1_0.total_deduction,
        e1_0.under_performance 
    from
        employees e1_0 
    where
        e1_0.id=?
2025-11-30T00:29:10.342+05:30 DEBUG 12968 --- [main] org.hibernate.SQL                        : 
    select
        e1_0.id,
        e1_0.advance,
        e1_0.area_allowance,
        e1_0.arrears,
        e1_0.attendance_allowance,
        e1_0.basic_salary,
        e1_0.bonus,
        e1_0.conveyance_allowance,
        e1_0.days,
        e1_0.dearness_allowance,
        e1_0.department,
        e1_0.designation,
        e1_0.dresscode,
        e1_0.employee_id,
        e1_0.experience,
        e1_0.gross_salary,
        e1_0.hra,
        e1_0.income_tax,
        e1_0.leads,
        e1_0.loan_deduction,
        e1_0.name,
        e1_0.net_salary,
        e1_0.os,
        e1_0.other_allowance,
        e1_0.other_deduction,
        e1_0.per_call,
        e1_0.performance_incentive,
        e1_0.professional_tax,
        e1_0.provident_fund,
        e1_0.review,
        e1_0.roadshow,
        e1_0.role,
        e1_0.salary_date,
        e1_0.salary_month,
        e1_0.sales_debits,
        e1_0.special_allowance,
        e1_0.status,
        e1_0.total_deduction,
        e1_0.under_performance 
    from
        employees e1_0 
    where
        e1_0.id=?
2025-11-30T00:29:10.389+05:30 DEBUG 12968 --- [main] org.hibernate.SQL                        : 
    select
        e1_0.id,
        e1_0.advance,
        e1_0.area_allowance,
        e1_0.arrears,
        e1_0.attendance_allowance,
        e1_0.basic_salary,
        e1_0.bonus,
        e1_0.conveyance_allowance,
        e1_0.days,
        e1_0.dearness_allowance,
        e1_0.department,
        e1_0.designation,
        e1_0.dresscode,
        e1_0.employee_id,
        e1_0.experience,
        e1_0.gross_salary,
        e1_0.hra,
        e1_0.income_tax,
        e1_0.leads,
        e1_0.loan_deduction,
        e1_0.name,
        e1_0.net_salary,
        e1_0.os,
        e1_0.other_allowance,
        e1_0.other_deduction,
        e1_0.per_call,
        e1_0.performance_incentive,
        e1_0.professional_tax,
        e1_0.provident_fund,
        e1_0.review,
        e1_0.roadshow,
        e1_0.role,
        e1_0.salary_date,
        e1_0.salary_month,
        e1_0.sales_debits,
        e1_0.special_allowance,
        e1_0.status,
        e1_0.total_deduction,
        e1_0.under_performance 
    from
        employees e1_0 
    where
        e1_0.id=?
2025-11-30T00:29:10.444+05:30 DEBUG 12968 --- [main] org.hibernate.SQL                        : 
    select
        e1_0.id,
        e1_0.advance,
        e1_0.area_allowance,
        e1_0.arrears,
        e1_0.attendance_allowance,
        e1_0.basic_salary,
        e1_0.bonus,
        e1_0.conveyance_allowance,
        e1_0.days,
        e1_0.dearness_allowance,
        e1_0.department,
        e1_0.designation,
        e1_0.dresscode,
        e1_0.employee_id,
        e1_0.experience,
        e1_0.gross_salary,
        e1_0.hra,
        e1_0.income_tax,
        e1_0.leads,
        e1_0.loan_deduction,
        e1_0.name,
        e1_0.net_salary,
        e1_0.os,
        e1_0.other_allowance,
        e1_0.other_deduction,
        e1_0.per_call,
        e1_0.performance_incentive,
        e1_0.professional_tax,
        e1_0.provident_fund,
        e1_0.review,
        e1_0.roadshow,
        e1_0.role,
        e1_0.salary_date,
        e1_0.salary_month,
        e1_0.sales_debits,
        e1_0.special_allowance,
        e1_0.status,
        e1_0.total_deduction,
        e1_0.under_performance 
    from
        employees e1_0 
    where
        e1_0.id=?
2025-11-30T00:29:10.469+05:30 DEBUG 12968 --- [main] org.hibernate.SQL                        : 
    select
        e1_0.id,
        e1_0.advance,
        e1_0.area_allowance,
        e1_0.arrears,
        e1_0.attendance_allowance,
        e1_0.basic_salary,
        e1_0.bonus,
        e1_0.conveyance_allowance,
        e1_0.days,
        e1_0.dearness_allowance,
        e1_0.department,
        e1_0.designation,
        e1_0.dresscode,
        e1_0.employee_id,
        e1_0.experience,
        e1_0.gross_salary,
        e1_0.hra,
        e1_0.income_tax,
        e1_0.leads,
        e1_0.loan_deduction,
        e1_0.name,
        e1_0.net_salary,
        e1_0.os,
        e1_0.other_allowance,
        e1_0.other_deduction,
        e1_0.per_call,
        e1_0.performance_incentive,
        e1_0.professional_tax,
        e1_0.provident_fund,
        e1_0.review,
        e1_0.roadshow,
        e1_0.role,
        e1_0.salary_date,
        e1_0.salary_month,
        e1_0.sales_debits,
        e1_0.special_allowance,
        e1_0.status,
        e1_0.total_deduction,
        e1_0.under_performance 
    from
        employees e1_0 
    where
        e1_0.id=?
2025-11-30T00:29:10.490+05:30 DEBUG 12968 --- [main] org.hibernate.SQL                        : 
    select
        e1_0.id,
        e1_0.advance,
        e1_0.area_allowance,
        e1_0.arrears,
        e1_0.attendance_allowance,
        e1_0.basic_salary,
        e1_0.bonus,
        e1_0.conveyance_allowance,
        e1_0.days,
        e1_0.dearness_allowance,
        e1_0.department,
        e1_0.designation,
        e1_0.dresscode,
        e1_0.employee_id,
        e1_0.experience,
        e1_0.gross_salary,
        e1_0.hra,
        e1_0.income_tax,
        e1_0.leads,
        e1_0.loan_deduction,
        e1_0.name,
        e1_0.net_salary,
        e1_0.os,
        e1_0.other_allowance,
        e1_0.other_deduction,
        e1_0.per_call,
        e1_0.performance_incentive,
        e1_0.professional_tax,
        e1_0.provident_fund,
        e1_0.review,
        e1_0.roadshow,
        e1_0.role,
        e1_0.salary_date,
        e1_0.salary_month,
        e1_0.sales_debits,
        e1_0.special_allowance,
        e1_0.status,
        e1_0.total_deduction,
        e1_0.under_performance 
    from
        employees e1_0 
    where
        e1_0.id=?
2025-11-30T00:29:10.530+05:30 DEBUG 12968 --- [main] org.hibernate.SQL                        : 
    select
        e1_0.id,
        e1_0.advance,
        e1_0.area_allowance,
        e1_0.arrears,
        e1_0.attendance_allowance,
        e1_0.basic_salary,
        e1_0.bonus,
        e1_0.conveyance_allowance,
        e1_0.days,
        e1_0.dearness_allowance,
        e1_0.department,
        e1_0.designation,
        e1_0.dresscode,
        e1_0.employee_id,
        e1_0.experience,
        e1_0.gross_salary,
        e1_0.hra,
        e1_0.income_tax,
        e1_0.leads,
        e1_0.loan_deduction,
        e1_0.name,
        e1_0.net_salary,
        e1_0.os,
        e1_0.other_allowance,
        e1_0.other_deduction,
        e1_0.per_call,
        e1_0.performance_incentive,
        e1_0.professional_tax,
        e1_0.provident_fund,
        e1_0.review,
        e1_0.roadshow,
        e1_0.role,
        e1_0.salary_date,
        e1_0.salary_month,
        e1_0.sales_debits,
        e1_0.special_allowance,
        e1_0.status,
        e1_0.total_deduction,
        e1_0.under_performance 
    from
        employees e1_0 
    where
        e1_0.id=?
2025-11-30T00:29:10.547+05:30 DEBUG 12968 --- [main] org.hibernate.SQL                        : 
    select
        e1_0.id,
        e1_0.advance,
        e1_0.area_allowance,
        e1_0.arrears,
        e1_0.attendance_allowance,
        e1_0.basic_salary,
        e1_0.bonus,
        e1_0.conveyance_allowance,
        e1_0.days,
        e1_0.dearness_allowance,
        e1_0.department,
        e1_0.designation,
        e1_0.dresscode,
        e1_0.employee_id,
        e1_0.experience,
        e1_0.gross_salary,
        e1_0.hra,
        e1_0.income_tax,
        e1_0.leads,
        e1_0.loan_deduction,
        e1_0.name,
        e1_0.net_salary,
        e1_0.os,
        e1_0.other_allowance,
        e1_0.other_deduction,
        e1_0.per_call,
        e1_0.performance_incentive,
        e1_0.professional_tax,
        e1_0.provident_fund,
        e1_0.review,
        e1_0.roadshow,
        e1_0.role,
        e1_0.salary_date,
        e1_0.salary_month,
        e1_0.sales_debits,
        e1_0.special_allowance,
        e1_0.status,
        e1_0.total_deduction,
        e1_0.under_performance 
    from
        employees e1_0 
    where
        e1_0.id=?
2025-11-30T00:29:10.566+05:30 DEBUG 12968 --- [main] org.hibernate.SQL                        : 
    select
        e1_0.id,
        e1_0.advance,
        e1_0.area_allowance,
        e1_0.arrears,
        e1_0.attendance_allowance,
        e1_0.basic_salary,
        e1_0.bonus,
        e1_0.conveyance_allowance,
        e1_0.days,
        e1_0.dearness_allowance,
        e1_0.department,
        e1_0.designation,
        e1_0.dresscode,
        e1_0.employee_id,
        e1_0.experience,
        e1_0.gross_salary,
        e1_0.hra,
        e1_0.income_tax,
        e1_0.leads,
        e1_0.loan_deduction,
        e1_0.name,
        e1_0.net_salary,
        e1_0.os,
        e1_0.other_allowance,
        e1_0.other_deduction,
        e1_0.per_call,
        e1_0.performance_incentive,
        e1_0.professional_tax,
        e1_0.provident_fund,
        e1_0.review,
        e1_0.roadshow,
        e1_0.role,
        e1_0.salary_date,
        e1_0.salary_month,
        e1_0.sales_debits,
        e1_0.special_allowance,
        e1_0.status,
        e1_0.total_deduction,
        e1_0.under_performance 
    from
        employees e1_0 
    where
        e1_0.id=?
2025-11-30T00:29:10.634+05:30 DEBUG 12968 --- [main] org.hibernate.SQL                        : 
    select
        e1_0.id,
        e1_0.advance,
        e1_0.area_allowance,
        e1_0.arrears,
        e1_0.attendance_allowance,
        e1_0.basic_salary,
        e1_0.bonus,
        e1_0.conveyance_allowance,
        e1_0.days,
        e1_0.dearness_allowance,
        e1_0.department,
        e1_0.designation,
        e1_0.dresscode,
        e1_0.employee_id,
        e1_0.experience,
        e1_0.gross_salary,
        e1_0.hra,
        e1_0.income_tax,
        e1_0.leads,
        e1_0.loan_deduction,
        e1_0.name,
        e1_0.net_salary,
        e1_0.os,
        e1_0.other_allowance,
        e1_0.other_deduction,
        e1_0.per_call,
        e1_0.performance_incentive,
        e1_0.professional_tax,
        e1_0.provident_fund,
        e1_0.review,
        e1_0.roadshow,
        e1_0.role,
        e1_0.salary_date,
        e1_0.salary_month,
        e1_0.sales_debits,
        e1_0.special_allowance,
        e1_0.status,
        e1_0.total_deduction,
        e1_0.under_performance 
    from
        employees e1_0 
    where
        e1_0.id=?
2025-11-30T00:29:10.669+05:30 DEBUG 12968 --- [main] org.hibernate.SQL                        : 
    select
        e1_0.id,
        e1_0.advance,
        e1_0.area_allowance,
        e1_0.arrears,
        e1_0.attendance_allowance,
        e1_0.basic_salary,
        e1_0.bonus,
        e1_0.conveyance_allowance,
        e1_0.days,
        e1_0.dearness_allowance,
        e1_0.department,
        e1_0.designation,
        e1_0.dresscode,
        e1_0.employee_id,
        e1_0.experience,
        e1_0.gross_salary,
        e1_0.hra,
        e1_0.income_tax,
        e1_0.leads,
        e1_0.loan_deduction,
        e1_0.name,
        e1_0.net_salary,
        e1_0.os,
        e1_0.other_allowance,
        e1_0.other_deduction,
        e1_0.per_call,
        e1_0.performance_incentive,
        e1_0.professional_tax,
        e1_0.provident_fund,
        e1_0.review,
        e1_0.roadshow,
        e1_0.role,
        e1_0.salary_date,
        e1_0.salary_month,
        e1_0.sales_debits,
        e1_0.special_allowance,
        e1_0.status,
        e1_0.total_deduction,
        e1_0.under_performance 
    from
        employees e1_0 
    where
        e1_0.id=?
2025-11-30T00:29:10.696+05:30 DEBUG 12968 --- [main] org.hibernate.SQL                        : 
    select
        e1_0.id,
        e1_0.advance,
        e1_0.area_allowance,
        e1_0.arrears,
        e1_0.attendance_allowance,
        e1_0.basic_salary,
        e1_0.bonus,
        e1_0.conveyance_allowance,
        e1_0.days,
        e1_0.dearness_allowance,
        e1_0.department,
        e1_0.designation,
        e1_0.dresscode,
        e1_0.employee_id,
        e1_0.experience,
        e1_0.gross_salary,
        e1_0.hra,
        e1_0.income_tax,
        e1_0.leads,
        e1_0.loan_deduction,
        e1_0.name,
        e1_0.net_salary,
        e1_0.os,
        e1_0.other_allowance,
        e1_0.other_deduction,
        e1_0.per_call,
        e1_0.performance_incentive,
        e1_0.professional_tax,
        e1_0.provident_fund,
        e1_0.review,
        e1_0.roadshow,
        e1_0.role,
        e1_0.salary_date,
        e1_0.salary_month,
        e1_0.sales_debits,
        e1_0.special_allowance,
        e1_0.status,
        e1_0.total_deduction,
        e1_0.under_performance 
    from
        employees e1_0 
    where
        e1_0.id=?
2025-11-30T00:29:10.715+05:30 DEBUG 12968 --- [main] org.hibernate.SQL                        : 
    select
        e1_0.id,
        e1_0.advance,
        e1_0.area_allowance,
        e1_0.arrears,
        e1_0.attendance_allowance,
        e1_0.basic_salary,
        e1_0.bonus,
        e1_0.conveyance_allowance,
        e1_0.days,
        e1_0.dearness_allowance,
        e1_0.department,
        e1_0.designation,
        e1_0.dresscode,
        e1_0.employee_id,
        e1_0.experience,
        e1_0.gross_salary,
        e1_0.hra,
        e1_0.income_tax,
        e1_0.leads,
        e1_0.loan_deduction,
        e1_0.name,
        e1_0.net_salary,
        e1_0.os,
        e1_0.other_allowance,
        e1_0.other_deduction,
        e1_0.per_call,
        e1_0.performance_incentive,
        e1_0.professional_tax,
        e1_0.provident_fund,
        e1_0.review,
        e1_0.roadshow,
        e1_0.role,
        e1_0.salary_date,
        e1_0.salary_month,
        e1_0.sales_debits,
        e1_0.special_allowance,
        e1_0.status,
        e1_0.total_deduction,
        e1_0.under_performance 
    from
        employees e1_0 
    where
        e1_0.id=?
2025-11-30T00:29:10.733+05:30 DEBUG 12968 --- [main] org.hibernate.SQL                        : 
    select
        e1_0.id,
        e1_0.advance,
        e1_0.area_allowance,
        e1_0.arrears,
        e1_0.attendance_allowance,
        e1_0.basic_salary,
        e1_0.bonus,
        e1_0.conveyance_allowance,
        e1_0.days,
        e1_0.dearness_allowance,
        e1_0.department,
        e1_0.designation,
        e1_0.dresscode,
        e1_0.employee_id,
        e1_0.experience,
        e1_0.gross_salary,
        e1_0.hra,
        e1_0.income_tax,
        e1_0.leads,
        e1_0.loan_deduction,
        e1_0.name,
        e1_0.net_salary,
        e1_0.os,
        e1_0.other_allowance,
        e1_0.other_deduction,
        e1_0.per_call,
        e1_0.performance_incentive,
        e1_0.professional_tax,
        e1_0.provident_fund,
        e1_0.review,
        e1_0.roadshow,
        e1_0.role,
        e1_0.salary_date,
        e1_0.salary_month,
        e1_0.sales_debits,
        e1_0.special_allowance,
        e1_0.status,
        e1_0.total_deduction,
        e1_0.under_performance 
    from
        employees e1_0 
    where
        e1_0.id=?
2025-11-30T00:29:10.748+05:30 DEBUG 12968 --- [main] org.hibernate.SQL                        : 
    select
        e1_0.id,
        e1_0.advance,
        e1_0.area_allowance,
        e1_0.arrears,
        e1_0.attendance_allowance,
        e1_0.basic_salary,
        e1_0.bonus,
        e1_0.conveyance_allowance,
        e1_0.days,
        e1_0.dearness_allowance,
        e1_0.department,
        e1_0.designation,
        e1_0.dresscode,
        e1_0.employee_id,
        e1_0.experience,
        e1_0.gross_salary,
        e1_0.hra,
        e1_0.income_tax,
        e1_0.leads,
        e1_0.loan_deduction,
        e1_0.name,
        e1_0.net_salary,
        e1_0.os,
        e1_0.other_allowance,
        e1_0.other_deduction,
        e1_0.per_call,
        e1_0.performance_incentive,
        e1_0.professional_tax,
        e1_0.provident_fund,
        e1_0.review,
        e1_0.roadshow,
        e1_0.role,
        e1_0.salary_date,
        e1_0.salary_month,
        e1_0.sales_debits,
        e1_0.special_allowance,
        e1_0.status,
        e1_0.total_deduction,
        e1_0.under_performance 
    from
        employees e1_0 
    where
        e1_0.id=?
2025-11-30T00:29:10.759+05:30 DEBUG 12968 --- [main] org.hibernate.SQL                        : 
    select
        e1_0.id,
        e1_0.advance,
        e1_0.area_allowance,
        e1_0.arrears,
        e1_0.attendance_allowance,
        e1_0.basic_salary,
        e1_0.bonus,
        e1_0.conveyance_allowance,
        e1_0.days,
        e1_0.dearness_allowance,
        e1_0.department,
        e1_0.designation,
        e1_0.dresscode,
        e1_0.employee_id,
        e1_0.experience,
        e1_0.gross_salary,
        e1_0.hra,
        e1_0.income_tax,
        e1_0.leads,
        e1_0.loan_deduction,
        e1_0.name,
        e1_0.net_salary,
        e1_0.os,
        e1_0.other_allowance,
        e1_0.other_deduction,
        e1_0.per_call,
        e1_0.performance_incentive,
        e1_0.professional_tax,
        e1_0.provident_fund,
        e1_0.review,
        e1_0.roadshow,
        e1_0.role,
        e1_0.salary_date,
        e1_0.salary_month,
        e1_0.sales_debits,
        e1_0.special_allowance,
        e1_0.status,
        e1_0.total_deduction,
        e1_0.under_performance 
    from
        employees e1_0 
    where
        e1_0.id=?
2025-11-30T00:29:10.770+05:30 DEBUG 12968 --- [main] org.hibernate.SQL                        : 
    select
        e1_0.id,
        e1_0.advance,
        e1_0.area_allowance,
        e1_0.arrears,
        e1_0.attendance_allowance,
        e1_0.basic_salary,
        e1_0.bonus,
        e1_0.conveyance_allowance,
        e1_0.days,
        e1_0.dearness_allowance,
        e1_0.department,
        e1_0.designation,
        e1_0.dresscode,
        e1_0.employee_id,
        e1_0.experience,
        e1_0.gross_salary,
        e1_0.hra,
        e1_0.income_tax,
        e1_0.leads,
        e1_0.loan_deduction,
        e1_0.name,
        e1_0.net_salary,
        e1_0.os,
        e1_0.other_allowance,
        e1_0.other_deduction,
        e1_0.per_call,
        e1_0.performance_incentive,
        e1_0.professional_tax,
        e1_0.provident_fund,
        e1_0.review,
        e1_0.roadshow,
        e1_0.role,
        e1_0.salary_date,
        e1_0.salary_month,
        e1_0.sales_debits,
        e1_0.special_allowance,
        e1_0.status,
        e1_0.total_deduction,
        e1_0.under_performance 
    from
        employees e1_0 
    where
        e1_0.id=?
2025-11-30T00:29:10.778+05:30 DEBUG 12968 --- [main] org.hibernate.SQL                        : 
    select
        e1_0.id,
        e1_0.advance,
        e1_0.area_allowance,
        e1_0.arrears,
        e1_0.attendance_allowance,
        e1_0.basic_salary,
        e1_0.bonus,
        e1_0.conveyance_allowance,
        e1_0.days,
        e1_0.dearness_allowance,
        e1_0.department,
        e1_0.designation,
        e1_0.dresscode,
        e1_0.employee_id,
        e1_0.experience,
        e1_0.gross_salary,
        e1_0.hra,
        e1_0.income_tax,
        e1_0.leads,
        e1_0.loan_deduction,
        e1_0.name,
        e1_0.net_salary,
        e1_0.os,
        e1_0.other_allowance,
        e1_0.other_deduction,
        e1_0.per_call,
        e1_0.performance_incentive,
        e1_0.professional_tax,
        e1_0.provident_fund,
        e1_0.review,
        e1_0.roadshow,
        e1_0.role,
        e1_0.salary_date,
        e1_0.salary_month,
        e1_0.sales_debits,
        e1_0.special_allowance,
        e1_0.status,
        e1_0.total_deduction,
        e1_0.under_performance 
    from
        employees e1_0 
    where
        e1_0.id=?
2025-11-30T00:29:10.792+05:30 DEBUG 12968 --- [main] org.hibernate.SQL                        : 
    select
        e1_0.id,
        e1_0.advance,
        e1_0.area_allowance,
        e1_0.arrears,
        e1_0.attendance_allowance,
        e1_0.basic_salary,
        e1_0.bonus,
        e1_0.conveyance_allowance,
        e1_0.days,
        e1_0.dearness_allowance,
        e1_0.department,
        e1_0.designation,
        e1_0.dresscode,
        e1_0.employee_id,
        e1_0.experience,
        e1_0.gross_salary,
        e1_0.hra,
        e1_0.income_tax,
        e1_0.leads,
        e1_0.loan_deduction,
        e1_0.name,
        e1_0.net_salary,
        e1_0.os,
        e1_0.other_allowance,
        e1_0.other_deduction,
        e1_0.per_call,
        e1_0.performance_incentive,
        e1_0.professional_tax,
        e1_0.provident_fund,
        e1_0.review,
        e1_0.roadshow,
        e1_0.role,
        e1_0.salary_date,
        e1_0.salary_month,
        e1_0.sales_debits,
        e1_0.special_allowance,
        e1_0.status,
        e1_0.total_deduction,
        e1_0.under_performance 
    from
        employees e1_0 
    where
        e1_0.id=?
2025-11-30T00:29:10.938+05:30 DEBUG 12968 --- [main] org.hibernate.SQL                        : 
    update
        employees 
    set
        advance=?,
        area_allowance=?,
        arrears=?,
        attendance_allowance=?,
        basic_salary=?,
        bonus=?,
        conveyance_allowance=?,
        days=?,
        dearness_allowance=?,
        department=?,
        designation=?,
        dresscode=?,
        employee_id=?,
        experience=?,
        gross_salary=?,
        hra=?,
        income_tax=?,
        leads=?,
        loan_deduction=?,
        name=?,
        net_salary=?,
        os=?,
        other_allowance=?,
        other_deduction=?,
        per_call=?,
        performance_incentive=?,
        professional_tax=?,
        provident_fund=?,
        review=?,
        roadshow=?,
        role=?,
        salary_date=?,
        salary_month=?,
        sales_debits=?,
        special_allowance=?,
        status=?,
        total_deduction=?,
        under_performance=? 
    where
        id=?
2025-11-30T00:29:11.006+05:30 DEBUG 12968 --- [main] org.hibernate.SQL                        : 
    update
        employees 
    set
        advance=?,
        area_allowance=?,
        arrears=?,
        attendance_allowance=?,
        basic_salary=?,
        bonus=?,
        conveyance_allowance=?,
        days=?,
        dearness_allowance=?,
        department=?,
        designation=?,
        dresscode=?,
        employee_id=?,
        experience=?,
        gross_salary=?,
        hra=?,
        income_tax=?,
        leads=?,
        loan_deduction=?,
        name=?,
        net_salary=?,
        os=?,
        other_allowance=?,
        other_deduction=?,
        per_call=?,
        performance_incentive=?,
        professional_tax=?,
        provident_fund=?,
        review=?,
        roadshow=?,
        role=?,
        salary_date=?,
        salary_month=?,
        sales_debits=?,
        special_allowance=?,
        status=?,
        total_deduction=?,
        under_performance=? 
    where
        id=?
2025-11-30T00:29:11.028+05:30  WARN 12968 --- [main] o.h.engine.jdbc.spi.SqlExceptionHelper   : SQL Error: 23505, SQLState: 23505
2025-11-30T00:29:11.038+05:30 ERROR 12968 --- [main] o.h.engine.jdbc.spi.SqlExceptionHelper   : Unique index or primary key violation: "PUBLIC.UK_EMPLOYEE_MONTH_NAME_INDEX_4 ON PUBLIC.EMPLOYEES(NAME NULLS FIRST, SALARY_MONTH NULLS FIRST) VALUES ( /* key:1 */ 'Harithra R', '2025-11')"; SQL statement:
update employees set advance=?,area_allowance=?,arrears=?,attendance_allowance=?,basic_salary=?,bonus=?,conveyance_allowance=?,days=?,dearness_allowance=?,department=?,designation=?,dresscode=?,employee_id=?,experience=?,gross_salary=?,hra=?,income_tax=?,leads=?,loan_deduction=?,name=?,net_salary=?,os=?,other_allowance=?,other_deduction=?,per_call=?,performance_incentive=?,professional_tax=?,provident_fund=?,review=?,roadshow=?,role=?,salary_date=?,salary_month=?,sales_debits=?,special_allowance=?,status=?,total_deduction=?,under_performance=? where id=? [23505-224]
2025-11-30T00:29:11.628+05:30  WARN 12968 --- [main] JpaBaseConfiguration$JpaWebConfiguration : spring.jpa.open-in-view is enabled by default. Therefore, database queries may be performed during view rendering. Explicitly configure spring.jpa.open-in-view to disable this warning
2025-11-30T00:29:12.109+05:30  WARN 12968 --- [main] .s.s.UserDetailsServiceAutoConfiguration : 

Using generated security password: 4f0f982d-483f-4c39-b3ce-dcea885e34e2

This generated password is for development use only. Your security configuration must be updated before running your application in production.

2025-11-30T00:29:12.621+05:30  INFO 12968 --- [main] o.s.b.a.w.s.WelcomePageHandlerMapping    : Adding welcome page: class path resource [static/index.html]
2025-11-30T00:29:12.920+05:30 DEBUG 12968 --- [main] s.w.s.m.m.a.RequestMappingHandlerMapping : 19 mappings in 'requestMappingHandlerMapping'
2025-11-30T00:29:13.006+05:30 DEBUG 12968 --- [main] o.s.w.s.handler.SimpleUrlHandlerMapping  : Patterns [/, /login, /{path:[^\.]*}] in 'viewControllerHandlerMapping'
2025-11-30T00:29:13.234+05:30 DEBUG 12968 --- [main] o.s.w.s.handler.SimpleUrlHandlerMapping  : Patterns [/webjars/**, /**] in 'resourceHandlerMapping'
2025-11-30T00:29:13.794+05:30  INFO 12968 --- [main] o.s.b.a.e.web.EndpointLinksResolver      : Exposing 1 endpoint(s) beneath base path '/actuator'
2025-11-30T00:29:14.157+05:30  INFO 12968 --- [main] o.s.s.web.DefaultSecurityFilterChain     : Will secure any request with [org.springframework.security.web.session.DisableEncodeUrlFilter@3d7d920b, org.springframework.security.web.context.request.async.WebAsyncManagerIntegrationFilter@628190ec, org.springframework.security.web.context.SecurityContextHolderFilter@37672aa7, org.springframework.security.web.header.HeaderWriterFilter@30ae6721, org.springframework.web.filter.CorsFilter@4540aade, org.springframework.security.web.authentication.logout.LogoutFilter@7720334e, com.salaryapp.security.JwtAuthenticationFilter@6f0a4e30, org.springframework.security.web.savedrequest.RequestCacheAwareFilter@59881424, org.springframework.security.web.servletapi.SecurityContextHolderAwareRequestFilter@35fd987b, org.springframework.security.web.authentication.AnonymousAuthenticationFilter@697797e4, org.springframework.security.web.session.SessionManagementFilter@6f647464, org.springframework.security.web.access.ExceptionTranslationFilter@915c47b, org.springframework.security.web.access.intercept.AuthorizationFilter@48611ad4]
2025-11-30T00:29:14.848+05:30 DEBUG 12968 --- [main] s.w.s.m.m.a.RequestMappingHandlerAdapter : ControllerAdvice beans: 0 @ModelAttribute, 0 @InitBinder, 1 RequestBodyAdvice, 1 ResponseBodyAdvice
2025-11-30T00:29:15.157+05:30 DEBUG 12968 --- [main] .m.m.a.ExceptionHandlerExceptionResolver : ControllerAdvice beans: 2 @ExceptionHandler, 1 ResponseBodyAdvice
2025-11-30T00:29:16.582+05:30  INFO 12968 --- [main] o.s.b.w.embedded.tomcat.TomcatWebServer  : Tomcat started on port 8081 (http) with context path ''
2025-11-30T00:29:16.784+05:30  INFO 12968 --- [main] c.salaryapp.SalaryManagementApplication  : Started SalaryManagementApplication in 42.08 seconds (process running for 43.646)
2025-11-30T00:29:34.305+05:30  INFO 12968 --- [http-nio-8081-exec-1] o.a.c.c.C.[Tomcat].[localhost].[/]       : Initializing Spring DispatcherServlet 'dispatcherServlet'
2025-11-30T00:29:34.362+05:30  INFO 12968 --- [http-nio-8081-exec-1] o.s.web.servlet.DispatcherServlet        : Initializing Servlet 'dispatcherServlet'
2025-11-30T00:29:34.411+05:30 DEBUG 12968 --- [http-nio-8081-exec-1] o.s.web.servlet.DispatcherServlet        : Detected StandardServletMultipartResolver
2025-11-30T00:29:34.454+05:30 DEBUG 12968 --- [http-nio-8081-exec-1] o.s.web.servlet.DispatcherServlet        : Detected AcceptHeaderLocaleResolver
2025-11-30T00:29:34.474+05:30 DEBUG 12968 --- [http-nio-8081-exec-1] o.s.web.servlet.DispatcherServlet        : Detected FixedThemeResolver
2025-11-30T00:29:34.499+05:30 DEBUG 12968 --- [http-nio-8081-exec-1] o.s.web.servlet.DispatcherServlet        : Detected org.springframework.web.servlet.view.DefaultRequestToViewNameTranslator@65b639e1
2025-11-30T00:29:34.509+05:30 DEBUG 12968 --- [http-nio-8081-exec-1] o.s.web.servlet.DispatcherServlet        : Detected org.springframework.web.servlet.support.SessionFlashMapManager@354a1239
2025-11-30T00:29:34.568+05:30 DEBUG 12968 --- [http-nio-8081-exec-1] o.s.web.servlet.DispatcherServlet        : enableLoggingRequestDetails='false': request parameters and headers will be masked to prevent unsafe logging of potentially sensitive data
2025-11-30T00:29:34.602+05:30  INFO 12968 --- [http-nio-8081-exec-1] o.s.web.servlet.DispatcherServlet        : Completed initialization in 191 ms
2025-11-30T00:29:34.716+05:30  WARN 12968 --- [http-nio-8081-exec-1] o.s.w.s.h.HandlerMappingIntrospector     : Cache miss for REQUEST dispatch to '/' (previous null). Performing CorsConfiguration lookup. This is logged once only at WARN level, and every time at TRACE.
2025-11-30T00:29:34.760+05:30  WARN 12968 --- [http-nio-8081-exec-1] o.s.w.s.h.HandlerMappingIntrospector     : Cache miss for REQUEST dispatch to '/' (previous null). Performing MatchableHandlerMapping lookup. This is logged once only at WARN level, and every time at TRACE.
2025-11-30T00:29:34.806+05:30 DEBUG 12968 --- [http-nio-8081-exec-1] o.s.web.servlet.DispatcherServlet        : GET "/", parameters={}
2025-11-30T00:29:34.826+05:30 DEBUG 12968 --- [http-nio-8081-exec-1] o.s.w.s.handler.SimpleUrlHandlerMapping  : Mapped to ParameterizableViewController [view="forward:/index.html"]
2025-11-30T00:29:34.920+05:30 DEBUG 12968 --- [http-nio-8081-exec-1] o.s.w.s.v.ContentNegotiatingViewResolver : Selected 'text/html' given [text/html, application/xhtml+xml, image/avif, image/webp, image/apng, application/xml;q=0.9, */*;q=0.8, application/signed-exchange;v=b3;q=0.7]
2025-11-30T00:29:34.939+05:30 DEBUG 12968 --- [http-nio-8081-exec-1] o.s.w.servlet.view.InternalResourceView  : View name 'forward:', model {}
2025-11-30T00:29:34.997+05:30 DEBUG 12968 --- [http-nio-8081-exec-1] o.s.w.servlet.view.InternalResourceView  : Forwarding to [/index.html]
2025-11-30T00:29:35.050+05:30 DEBUG 12968 --- [http-nio-8081-exec-1] o.s.web.servlet.DispatcherServlet        : "FORWARD" dispatch for GET "/index.html", parameters={}
2025-11-30T00:29:35.065+05:30 DEBUG 12968 --- [http-nio-8081-exec-1] o.s.w.s.handler.SimpleUrlHandlerMapping  : Mapped to ResourceHttpRequestHandler [classpath [static/], URL [file:public/], ServletContext [/]]
2025-11-30T00:29:35.167+05:30 DEBUG 12968 --- [http-nio-8081-exec-1] o.s.web.servlet.DispatcherServlet        : Exiting from "FORWARD" dispatch, status 200
2025-11-30T00:29:35.317+05:30 DEBUG 12968 --- [http-nio-8081-exec-1] o.s.web.servlet.DispatcherServlet        : Completed 200 OK
2025-11-30T00:29:35.326+05:30 DEBUG 12968 --- [http-nio-8081-exec-2] o.s.web.servlet.DispatcherServlet        : GET "/static/css/main.5d7c5adc.css", parameters={}
2025-11-30T00:29:35.339+05:30 DEBUG 12968 --- [http-nio-8081-exec-2] o.s.w.s.handler.SimpleUrlHandlerMapping  : Mapped to ResourceHttpRequestHandler [classpath [static/], URL [file:public/], ServletContext [/]]
2025-11-30T00:29:35.343+05:30 DEBUG 12968 --- [http-nio-8081-exec-1] o.s.web.servlet.DispatcherServlet        : GET "/static/js/main.0fb31855.js", parameters={}
2025-11-30T00:29:35.398+05:30 DEBUG 12968 --- [http-nio-8081-exec-2] o.s.web.servlet.DispatcherServlet        : Completed 200 OK
2025-11-30T00:29:35.448+05:30 DEBUG 12968 --- [http-nio-8081-exec-1] o.s.w.s.handler.SimpleUrlHandlerMapping  : Mapped to ResourceHttpRequestHandler [classpath [static/], URL [file:public/], ServletContext [/]]
2025-11-30T00:29:35.489+05:30 DEBUG 12968 --- [http-nio-8081-exec-1] o.s.web.servlet.DispatcherServlet        : Completed 200 OK
2025-11-30T00:29:35.819+05:30 DEBUG 12968 --- [http-nio-8081-exec-3] o.s.web.servlet.DispatcherServlet        : GET "/favicon.ico", parameters={}
2025-11-30T00:29:35.819+05:30 DEBUG 12968 --- [http-nio-8081-exec-3] o.s.w.s.handler.SimpleUrlHandlerMapping  : Mapped to ResourceHttpRequestHandler [classpath [static/], URL [file:public/], ServletContext [/]]
2025-11-30T00:29:35.835+05:30 DEBUG 12968 --- [http-nio-8081-exec-3] .m.m.a.ExceptionHandlerExceptionResolver : Using @ExceptionHandler com.salaryapp.controller.GlobalExceptionHandler#handleNoResource(NoResourceFoundException)
2025-11-30T00:29:35.926+05:30 DEBUG 12968 --- [http-nio-8081-exec-3] o.s.w.s.m.m.a.HttpEntityMethodProcessor  : Using 'application/json;q=0.8', given [image/avif, image/webp, image/apng, image/svg+xml, image/*, */*;q=0.8] and supported [application/json, application/*+json]
2025-11-30T00:29:35.970+05:30 DEBUG 12968 --- [http-nio-8081-exec-3] o.s.w.s.m.m.a.HttpEntityMethodProcessor  : Writing [{error=NotFound, message=No static resource favicon.ico., timestamp=2025-11-29T18:59:35.858041100Z}]
2025-11-30T00:29:36.024+05:30 DEBUG 12968 --- [http-nio-8081-exec-3] .m.m.a.ExceptionHandlerExceptionResolver : Resolved [org.springframework.web.servlet.resource.NoResourceFoundException: No static resource favicon.ico.]
2025-11-30T00:29:36.029+05:30 DEBUG 12968 --- [http-nio-8081-exec-3] o.s.web.servlet.DispatcherServlet        : Completed 404 NOT_FOUND
2025-11-30T00:29:38.302+05:30 DEBUG 12968 --- [http-nio-8081-exec-4] o.s.web.servlet.DispatcherServlet        : "ERROR" dispatch for GET "/error", parameters={}
2025-11-30T00:29:38.309+05:30 DEBUG 12968 --- [http-nio-8081-exec-4] s.w.s.m.m.a.RequestMappingHandlerMapping : Mapped to org.springframework.boot.autoconfigure.web.servlet.error.BasicErrorController#error(HttpServletRequest)
2025-11-30T00:29:38.329+05:30 DEBUG 12968 --- [http-nio-8081-exec-4] o.s.w.s.m.m.a.HttpEntityMethodProcessor  : Using 'application/json', given [application/json, text/plain, */*] and supported [application/json, application/*+json]
2025-11-30T00:29:38.341+05:30 DEBUG 12968 --- [http-nio-8081-exec-4] o.s.w.s.m.m.a.HttpEntityMethodProcessor  : Writing [{timestamp=Sun Nov 30 00:29:38 IST 2025, status=403, error=Forbidden, path=/api/employee-masters}]
2025-11-30T00:29:38.410+05:30 DEBUG 12968 --- [http-nio-8081-exec-4] o.s.web.servlet.DispatcherServlet        : Exiting from "ERROR" dispatch, status 403
2025-11-30T00:29:47.083+05:30 DEBUG 12968 --- [http-nio-8081-exec-6] o.s.web.servlet.DispatcherServlet        : GET "/login", parameters={}
2025-11-30T00:29:47.107+05:30 DEBUG 12968 --- [http-nio-8081-exec-6] s.w.s.m.m.a.RequestMappingHandlerMapping : Mapped to com.salaryapp.controller.SpaController#forwardToIndex()
2025-11-30T00:29:47.116+05:30 DEBUG 12968 --- [http-nio-8081-exec-6] o.s.w.s.v.ContentNegotiatingViewResolver : Selected 'text/html' given [text/html, application/xhtml+xml, image/avif, image/webp, image/apng, application/xml;q=0.9, */*;q=0.8, application/signed-exchange;v=b3;q=0.7]
2025-11-30T00:29:47.125+05:30 DEBUG 12968 --- [http-nio-8081-exec-6] o.s.w.servlet.view.InternalResourceView  : View name 'forward:', model {}
2025-11-30T00:29:47.136+05:30 DEBUG 12968 --- [http-nio-8081-exec-6] o.s.w.servlet.view.InternalResourceView  : Forwarding to [/index.html]
2025-11-30T00:29:47.141+05:30 DEBUG 12968 --- [http-nio-8081-exec-6] o.s.web.servlet.DispatcherServlet        : "FORWARD" dispatch for GET "/index.html", parameters={}
2025-11-30T00:29:47.153+05:30 DEBUG 12968 --- [http-nio-8081-exec-6] o.s.w.s.handler.SimpleUrlHandlerMapping  : Mapped to ResourceHttpRequestHandler [classpath [static/], URL [file:public/], ServletContext [/]]
2025-11-30T00:29:47.192+05:30 DEBUG 12968 --- [http-nio-8081-exec-6] o.s.web.servlet.DispatcherServlet        : Exiting from "FORWARD" dispatch, status 200
2025-11-30T00:29:47.217+05:30 DEBUG 12968 --- [http-nio-8081-exec-6] o.s.web.servlet.DispatcherServlet        : Completed 200 OK
2025-11-30T00:29:47.265+05:30 DEBUG 12968 --- [http-nio-8081-exec-7] o.s.web.servlet.DispatcherServlet        : GET "/static/css/main.5d7c5adc.css", parameters={}
2025-11-30T00:29:47.282+05:30 DEBUG 12968 --- [http-nio-8081-exec-6] o.s.web.servlet.DispatcherServlet        : GET "/static/js/main.0fb31855.js", parameters={}
2025-11-30T00:29:47.286+05:30 DEBUG 12968 --- [http-nio-8081-exec-7] o.s.w.s.handler.SimpleUrlHandlerMapping  : Mapped to ResourceHttpRequestHandler [classpath [static/], URL [file:public/], ServletContext [/]]
2025-11-30T00:29:47.287+05:30 DEBUG 12968 --- [http-nio-8081-exec-6] o.s.w.s.handler.SimpleUrlHandlerMapping  : Mapped to ResourceHttpRequestHandler [classpath [static/], URL [file:public/], ServletContext [/]]
2025-11-30T00:29:47.293+05:30 DEBUG 12968 --- [http-nio-8081-exec-7] o.s.web.servlet.DispatcherServlet        : Completed 200 OK
2025-11-30T00:29:47.310+05:30 DEBUG 12968 --- [http-nio-8081-exec-6] o.s.web.servlet.DispatcherServlet        : Completed 200 OK
